#
# There is insufficient memory for the Java Runtime Environment to continue.
# Native memory allocation (malloc) failed to allocate 230576 bytes for Chunk::new
# Possible reasons:
#   The system is out of physical RAM or swap space
#   In 32 bit mode, the process size limit was hit
# Possible solutions:
#   Reduce memory load on the system
#   Increase physical memory or swap space
#   Check if swap backing store is full
#   Use 64 bit Java on a 64 bit OS
#   Decrease Java heap size (-Xmx/-Xms)
#   Decrease number of Java threads
#   Decrease Java thread stack sizes (-Xss)
#   Set larger code cache with -XX:ReservedCodeCacheSize=
# This output file may be truncated or incomplete.
#
#  Out of Memory Error (allocation.cpp:390), pid=9072, tid=0x0000000000003554
#
# JRE version: Java(TM) SE Runtime Environment (8.0_181-b13) (build 1.8.0_181-b13)
# Java VM: Java HotSpot(TM) 64-Bit Server VM (25.181-b13 mixed mode windows-amd64 compressed oops)
# Failed to write core dump. Minidumps are not enabled by default on client versions of Windows
#

---------------  T H R E A D  ---------------

Current thread (0x0000000017906800):  JavaThread "C2 CompilerThread0" daemon [_thread_in_native, id=13652, stack(0x0000000018f40000,0x0000000019040000)]

Stack: [0x0000000018f40000,0x0000000019040000]
[error occurred during error reporting (printing stack bounds), id 0xc0000005]

Native frames: (J=compiled Java code, j=interpreted, Vv=VM code, C=native code)


Current CompileTask:
C2:  14278 4607       4       jdk.internal.org.objectweb.asm.Item::set (143 bytes)


---------------  P R O C E S S  ---------------

Java Threads: ( => current thread )
  0x0000000019288800 JavaThread "Service Thread" daemon [_thread_blocked, id=19832, stack(0x0000000019640000,0x0000000019740000)]
  0x0000000017911800 JavaThread "C1 CompilerThread2" daemon [_thread_blocked, id=14648, stack(0x0000000019140000,0x0000000019240000)]
  0x000000001790e000 JavaThread "C2 CompilerThread1" daemon [_thread_blocked, id=6880, stack(0x0000000019040000,0x0000000019140000)]
=>0x0000000017906800 JavaThread "C2 CompilerThread0" daemon [_thread_in_native, id=13652, stack(0x0000000018f40000,0x0000000019040000)]
  0x0000000017901000 JavaThread "Attach Listener" daemon [_thread_blocked, id=6460, stack(0x0000000018e40000,0x0000000018f40000)]
  0x00000000178fe800 JavaThread "Signal Dispatcher" daemon [_thread_blocked, id=808, stack(0x0000000018d40000,0x0000000018e40000)]
  0x00000000178e0800 JavaThread "Finalizer" daemon [_thread_blocked, id=21588, stack(0x0000000018b40000,0x0000000018c40000)]
  0x00000000178d5800 JavaThread "Reference Handler" daemon [_thread_blocked, id=8460, stack(0x0000000018a40000,0x0000000018b40000)]
  0x0000000002bda000 JavaThread "main" [_thread_blocked, id=3920, stack(0x00000000029f0000,0x0000000002af0000)]

Other Threads:
  0x00000000178af000 VMThread [stack: 0x0000000018940000,0x0000000018a40000] [id=7912]
  0x0000000019302000 WatcherThread [stack: 0x0000000019740000,0x0000000019840000] [id=2956]

VM state:at safepoint (normal execution)

VM Mutex/Monitor currently owned by a thread:  ([mutex/lock_event])
[0x0000000002bd6e30] Threads_lock - owner thread: 0x00000000178af000
[0x0000000002bd80c0] Heap_lock - owner thread: 0x0000000017911800
[0x0000000002bd7f40] MethodData_lock - owner thread: 0x0000000017911800

Heap:
 PSYoungGen      total 148992K, used 36708K [0x00000000d5580000, 0x00000000e1e00000, 0x0000000100000000)
  eden space 140288K, 19% used [0x00000000d5580000,0x00000000d70dd180,0x00000000dde80000)
  from space 8704K, 99% used [0x00000000dde80000,0x00000000de6fbe90,0x00000000de700000)
  to   space 11776K, 0% used [0x00000000e1280000,0x00000000e1298000,0x00000000e1e00000)
 ParOldGen       total 65024K, used 25814K [0x0000000080000000, 0x0000000083f80000, 0x00000000d5580000)
  object space 65024K, 39% used [0x0000000080000000,0x0000000081937930,0x0000000083f80000)
 Metaspace       used 30073K, capacity 31014K, committed 31104K, reserved 1081344K
  class space    used 3423K, capacity 3891K, committed 3968K, reserved 1048576K

Card table byte_map: [0x0000000012080000,0x0000000012490000] byte_map_base: 0x0000000011c80000

Marking Bits: (ParMarkBitMap*) 0x0000000060222d00
 Begin Bits: [0x0000000012b40000, 0x0000000014b40000)
 End Bits:   [0x0000000014b40000, 0x0000000016b40000)

Polling page: 0x0000000002850000

CodeCache: size=245760Kb used=18986Kb max_used=19214Kb free=226773Kb
 bounds [0x0000000002cc0000, 0x0000000003fd0000, 0x0000000011cc0000]
 total_blobs=5020 nmethods=4364 adapters=566
 compilation: enabled

Compilation events (10 events):
Event: 14.265 Thread 0x0000000017906800 4607       4       jdk.internal.org.objectweb.asm.Item::set (143 bytes)
Event: 14.266 Thread 0x0000000017911800 4608       3       java.lang.invoke.DirectMethodHandle::internalMemberName (8 bytes)
Event: 14.266 Thread 0x0000000017911800 nmethod 4608 0x0000000002e215d0 code [0x0000000002e21740, 0x0000000002e21970]
Event: 14.266 Thread 0x0000000017911800 4609       3       jdk.internal.org.objectweb.asm.MethodWriter::visitInsn (106 bytes)
Event: 14.266 Thread 0x000000001790e000 4610       4       jdk.internal.org.objectweb.asm.ClassWriter::get (49 bytes)
Event: 14.266 Thread 0x0000000017911800 nmethod 4609 0x0000000002e00590 code [0x0000000002e00740, 0x0000000002e00be8]
Event: 14.269 Thread 0x000000001790e000 nmethod 4610 0x0000000002fc9410 code [0x0000000002fc9560, 0x0000000002fc96a8]
Event: 14.273 Thread 0x0000000017911800 4611       3       org.codehaus.groovy.runtime.MetaClassHelper::unwrap (36 bytes)
Event: 14.273 Thread 0x0000000017911800 nmethod 4611 0x0000000002e52e90 code [0x0000000002e53020, 0x0000000002e53648]
Event: 14.274 Thread 0x0000000017911800 4612       3       com.google.gson.internal.LinkedTreeMap::find (276 bytes)

GC Heap History (10 events):
Event: 7.273 GC heap after
Heap after GC invocations=10 (full 0):
 PSYoungGen      total 114688K, used 800K [0x00000000d5580000, 0x00000000dcf80000, 0x0000000100000000)
  eden space 105984K, 0% used [0x00000000d5580000,0x00000000d5580000,0x00000000dbd00000)
  from space 8704K, 9% used [0x00000000dc600000,0x00000000dc6c8000,0x00000000dce80000)
  to   space 9216K, 0% used [0x00000000dbd00000,0x00000000dbd00000,0x00000000dc600000)
 ParOldGen       total 87552K, used 16774K [0x0000000080000000, 0x0000000085580000, 0x00000000d5580000)
  object space 87552K, 19% used [0x0000000080000000,0x0000000081061a70,0x0000000085580000)
 Metaspace       used 20956K, capacity 21206K, committed 21296K, reserved 1069056K
  class space    used 2299K, capacity 2391K, committed 2432K, reserved 1048576K
}
Event: 7.273 GC heap before
{Heap before GC invocations=11 (full 1):
 PSYoungGen      total 114688K, used 800K [0x00000000d5580000, 0x00000000dcf80000, 0x0000000100000000)
  eden space 105984K, 0% used [0x00000000d5580000,0x00000000d5580000,0x00000000dbd00000)
  from space 8704K, 9% used [0x00000000dc600000,0x00000000dc6c8000,0x00000000dce80000)
  to   space 9216K, 0% used [0x00000000dbd00000,0x00000000dbd00000,0x00000000dc600000)
 ParOldGen       total 87552K, used 16774K [0x0000000080000000, 0x0000000085580000, 0x00000000d5580000)
  object space 87552K, 19% used [0x0000000080000000,0x0000000081061a70,0x0000000085580000)
 Metaspace       used 20956K, capacity 21206K, committed 21296K, reserved 1069056K
  class space    used 2299K, capacity 2391K, committed 2432K, reserved 1048576K
Event: 7.372 GC heap after
Heap after GC invocations=11 (full 1):
 PSYoungGen      total 114688K, used 0K [0x00000000d5580000, 0x00000000dcf80000, 0x0000000100000000)
  eden space 105984K, 0% used [0x00000000d5580000,0x00000000d5580000,0x00000000dbd00000)
  from space 8704K, 0% used [0x00000000dc600000,0x00000000dc600000,0x00000000dce80000)
  to   space 9216K, 0% used [0x00000000dbd00000,0x00000000dbd00000,0x00000000dc600000)
 ParOldGen       total 65024K, used 13565K [0x0000000080000000, 0x0000000083f80000, 0x00000000d5580000)
  object space 65024K, 20% used [0x0000000080000000,0x0000000080d3f7a8,0x0000000083f80000)
 Metaspace       used 20956K, capacity 21206K, committed 21296K, reserved 1069056K
  class space    used 2299K, capacity 2391K, committed 2432K, reserved 1048576K
}
Event: 9.122 GC heap before
{Heap before GC invocations=12 (full 1):
 PSYoungGen      total 114688K, used 105984K [0x00000000d5580000, 0x00000000dcf80000, 0x0000000100000000)
  eden space 105984K, 100% used [0x00000000d5580000,0x00000000dbd00000,0x00000000dbd00000)
  from space 8704K, 0% used [0x00000000dc600000,0x00000000dc600000,0x00000000dce80000)
  to   space 9216K, 0% used [0x00000000dbd00000,0x00000000dbd00000,0x00000000dc600000)
 ParOldGen       total 65024K, used 13565K [0x0000000080000000, 0x0000000083f80000, 0x00000000d5580000)
  object space 65024K, 20% used [0x0000000080000000,0x0000000080d3f7a8,0x0000000083f80000)
 Metaspace       used 22113K, capacity 22668K, committed 22832K, reserved 1069056K
  class space    used 2392K, capacity 2663K, committed 2688K, reserved 1048576K
Event: 9.131 GC heap after
Heap after GC invocations=12 (full 1):
 PSYoungGen      total 115200K, used 4608K [0x00000000d5580000, 0x00000000df280000, 0x0000000100000000)
  eden space 105984K, 0% used [0x00000000d5580000,0x00000000d5580000,0x00000000dbd00000)
  from space 9216K, 50% used [0x00000000dbd00000,0x00000000dc180020,0x00000000dc600000)
  to   space 9216K, 0% used [0x00000000de980000,0x00000000de980000,0x00000000df280000)
 ParOldGen       total 65024K, used 13573K [0x0000000080000000, 0x0000000083f80000, 0x00000000d5580000)
  object space 65024K, 20% used [0x0000000080000000,0x0000000080d417a8,0x0000000083f80000)
 Metaspace       used 22113K, capacity 22668K, committed 22832K, reserved 1069056K
  class space    used 2392K, capacity 2663K, committed 2688K, reserved 1048576K
}
Event: 10.814 GC heap before
{Heap before GC invocations=13 (full 1):
 PSYoungGen      total 115200K, used 110592K [0x00000000d5580000, 0x00000000df280000, 0x0000000100000000)
  eden space 105984K, 100% used [0x00000000d5580000,0x00000000dbd00000,0x00000000dbd00000)
  from space 9216K, 50% used [0x00000000dbd00000,0x00000000dc180020,0x00000000dc600000)
  to   space 9216K, 0% used [0x00000000de980000,0x00000000de980000,0x00000000df280000)
 ParOldGen       total 65024K, used 13573K [0x0000000080000000, 0x0000000083f80000, 0x00000000d5580000)
  object space 65024K, 20% used [0x0000000080000000,0x0000000080d417a8,0x0000000083f80000)
 Metaspace       used 23076K, capacity 23946K, committed 24192K, reserved 1071104K
  class space    used 2493K, capacity 2941K, committed 2944K, reserved 1048576K
Event: 10.830 GC heap after
Heap after GC invocations=13 (full 1):
 PSYoungGen      total 146432K, used 5152K [0x00000000d5580000, 0x00000000def80000, 0x0000000100000000)
  eden space 140288K, 0% used [0x00000000d5580000,0x00000000d5580000,0x00000000dde80000)
  from space 6144K, 83% used [0x00000000de980000,0x00000000dee88000,0x00000000def80000)
  to   space 8704K, 0% used [0x00000000dde80000,0x00000000dde80000,0x00000000de700000)
 ParOldGen       total 65024K, used 17925K [0x0000000080000000, 0x0000000083f80000, 0x00000000d5580000)
  object space 65024K, 27% used [0x0000000080000000,0x00000000811817e8,0x0000000083f80000)
 Metaspace       used 23076K, capacity 23946K, committed 24192K, reserved 1071104K
  class space    used 2493K, capacity 2941K, committed 2944K, reserved 1048576K
}
Event: 13.954 GC heap before
{Heap before GC invocations=14 (full 1):
 PSYoungGen      total 146432K, used 145440K [0x00000000d5580000, 0x00000000def80000, 0x0000000100000000)
  eden space 140288K, 100% used [0x00000000d5580000,0x00000000dde80000,0x00000000dde80000)
  from space 6144K, 83% used [0x00000000de980000,0x00000000dee88000,0x00000000def80000)
  to   space 8704K, 0% used [0x00000000dde80000,0x00000000dde80000,0x00000000de700000)
 ParOldGen       total 65024K, used 17925K [0x0000000080000000, 0x0000000083f80000, 0x00000000d5580000)
  object space 65024K, 27% used [0x0000000080000000,0x00000000811817e8,0x0000000083f80000)
 Metaspace       used 29947K, capacity 30938K, committed 31104K, reserved 1077248K
  class space    used 3408K, capacity 3885K, committed 3968K, reserved 1048576K
Event: 13.973 GC heap after
Heap after GC invocations=14 (full 1):
 PSYoungGen      total 148992K, used 8687K [0x00000000d5580000, 0x00000000e1e00000, 0x0000000100000000)
  eden space 140288K, 0% used [0x00000000d5580000,0x00000000d5580000,0x00000000dde80000)
  from space 8704K, 99% used [0x00000000dde80000,0x00000000de6fbe90,0x00000000de700000)
  to   space 11776K, 0% used [0x00000000e1280000,0x00000000e1280000,0x00000000e1e00000)
 ParOldGen       total 65024K, used 23270K [0x0000000080000000, 0x0000000083f80000, 0x00000000d5580000)
  object space 65024K, 35% used [0x0000000080000000,0x00000000816b9910,0x0000000083f80000)
 Metaspace       used 29947K, capacity 30938K, committed 31104K, reserved 1077248K
  class space    used 3408K, capacity 3885K, committed 3968K, reserved 1048576K
}
Event: 14.274 GC heap before
{Heap before GC invocations=15 (full 1):
 PSYoungGen      total 148992K, used 36708K [0x00000000d5580000, 0x00000000e1e00000, 0x0000000100000000)
  eden space 140288K, 19% used [0x00000000d5580000,0x00000000d70dd180,0x00000000dde80000)
  from space 8704K, 99% used [0x00000000dde80000,0x00000000de6fbe90,0x00000000de700000)
  to   space 11776K, 0% used [0x00000000e1280000,0x00000000e1280000,0x00000000e1e00000)
 ParOldGen       total 65024K, used 23270K [0x0000000080000000, 0x0000000083f80000, 0x00000000d5580000)
  object space 65024K, 35% used [0x0000000080000000,0x00000000816b9910,0x0000000083f80000)
 Metaspace       used 30073K, capacity 31014K, committed 31104K, reserved 1081344K
  class space    used 3423K, capacity 3891K, committed 3968K, reserved 1048576K

Deoptimization events (10 events):
Event: 12.407 Thread 0x0000000002bda000 Uncommon trap: reason=class_check action=maybe_recompile pc=0x0000000003d719e8 method=java.util.regex.Pattern$CharProperty.match(Ljava/util/regex/Matcher;ILjava/lang/CharSequence;)Z @ 37
Event: 12.407 Thread 0x0000000002bda000 Uncommon trap: reason=class_check action=maybe_recompile pc=0x0000000003d719e8 method=java.util.regex.Pattern$CharProperty.match(Ljava/util/regex/Matcher;ILjava/lang/CharSequence;)Z @ 37
Event: 12.674 Thread 0x0000000002bda000 Uncommon trap: reason=unstable_if action=reinterpret pc=0x0000000003e521a4 method=org.apache.xmlbeans.impl.values.XmlObjectBase.has_store()Z @ 7
Event: 12.674 Thread 0x0000000002bda000 Uncommon trap: reason=unstable_if action=reinterpret pc=0x0000000003c0f5b8 method=groovyjarjarasm.asm.Type.getArgumentsAndReturnSizes(Ljava/lang/String;)I @ 41
Event: 12.739 Thread 0x0000000002bda000 Uncommon trap: reason=unstable_if action=reinterpret pc=0x0000000003d97658 method=java.util.regex.Pattern$BmpCharProperty.match(Ljava/util/regex/Matcher;ILjava/lang/CharSequence;)Z @ 5
Event: 12.804 Thread 0x0000000002bda000 Uncommon trap: reason=unstable_if action=reinterpret pc=0x0000000003e04400 method=org.apache.xerces.dom.DeferredDocumentImpl.ensureCapacity(I)V @ 281
Event: 12.924 Thread 0x0000000002bda000 Uncommon trap: reason=unstable_if action=reinterpret pc=0x0000000003dfb89c method=org.apache.xerces.impl.XMLEntityScanner.scanLiteral(ILorg/apache/xerces/xni/XMLString;)I @ 43
Event: 13.299 Thread 0x0000000002bda000 Uncommon trap: reason=unstable_if action=reinterpret pc=0x0000000003c85580 method=java.util.LinkedHashMap.get(Ljava/lang/Object;)Ljava/lang/Object; @ 20
Event: 13.571 Thread 0x0000000002bda000 Uncommon trap: reason=unstable_if action=reinterpret pc=0x00000000035a3e14 method=java.io.WinNTFileSystem.isLetter(C)Z @ 3
Event: 14.198 Thread 0x0000000002bda000 Uncommon trap: reason=unstable_if action=reinterpret pc=0x0000000003abd06c method=org.codehaus.groovy.control.ResolveVisitor.transform(Lorg/codehaus/groovy/ast/expr/Expression;)Lorg/codehaus/groovy/ast/expr/Expression; @ 53

Classes redefined (0 events):
No events

Internal exceptions (10 events):
Event: 14.156 Thread 0x0000000002bda000 Exception <a 'java/security/PrivilegedActionException'> (0x00000000d6985918) thrown at [C:\re\workspace\8-2-build-windows-amd64-cygwin\jdk8u181\11358\hotspot\src\share\vm\prims\jvm.cpp, line 1435]
Event: 14.157 Thread 0x0000000002bda000 Exception <a 'java/security/PrivilegedActionException'> (0x00000000d698daf0) thrown at [C:\re\workspace\8-2-build-windows-amd64-cygwin\jdk8u181\11358\hotspot\src\share\vm\prims\jvm.cpp, line 1435]
Event: 14.157 Thread 0x0000000002bda000 Exception <a 'java/security/PrivilegedActionException'> (0x00000000d698e0d0) thrown at [C:\re\workspace\8-2-build-windows-amd64-cygwin\jdk8u181\11358\hotspot\src\share\vm\prims\jvm.cpp, line 1435]
Event: 14.158 Thread 0x0000000002bda000 Exception <a 'java/security/PrivilegedActionException'> (0x00000000d699cd88) thrown at [C:\re\workspace\8-2-build-windows-amd64-cygwin\jdk8u181\11358\hotspot\src\share\vm\prims\jvm.cpp, line 1435]
Event: 14.158 Thread 0x0000000002bda000 Exception <a 'java/security/PrivilegedActionException'> (0x00000000d699d368) thrown at [C:\re\workspace\8-2-build-windows-amd64-cygwin\jdk8u181\11358\hotspot\src\share\vm\prims\jvm.cpp, line 1435]
Event: 14.158 Thread 0x0000000002bda000 Exception <a 'java/security/PrivilegedActionException'> (0x00000000d69a5540) thrown at [C:\re\workspace\8-2-build-windows-amd64-cygwin\jdk8u181\11358\hotspot\src\share\vm\prims\jvm.cpp, line 1435]
Event: 14.158 Thread 0x0000000002bda000 Exception <a 'java/security/PrivilegedActionException'> (0x00000000d69a5b20) thrown at [C:\re\workspace\8-2-build-windows-amd64-cygwin\jdk8u181\11358\hotspot\src\share\vm\prims\jvm.cpp, line 1435]
Event: 14.219 Thread 0x0000000002bda000 Exception <a 'java/lang/OutOfMemoryError'> (0x00000000d6ed3e78) thrown at [C:\re\workspace\8-2-build-windows-amd64-cygwin\jdk8u181\11358\hotspot\src\share\vm\prims\jni.cpp, line 735]
Event: 14.272 Thread 0x0000000002bda000 Exception <a 'java/lang/OutOfMemoryError'> (0x00000000d6f128c8) thrown at [C:\re\workspace\8-2-build-windows-amd64-cygwin\jdk8u181\11358\hotspot\src\share\vm\prims\jni.cpp, line 735]
Event: 14.272 Thread 0x0000000002bda000 Exception <a 'java/lang/OutOfMemoryError'> (0x00000000d6f128c8) thrown at [C:\re\workspace\8-2-build-windows-amd64-cygwin\jdk8u181\11358\hotspot\src\share\vm\prims\jvm.cpp, line 1439]

Events (10 events):
Event: 14.269 loading class java/util/stream/ReduceOps$3 done
Event: 14.269 loading class java/util/stream/ReduceOps$3ReducingSink
Event: 14.270 loading class java/util/stream/ReduceOps$AccumulatingSink
Event: 14.270 loading class java/util/stream/ReduceOps$AccumulatingSink done
Event: 14.270 loading class java/util/stream/ReduceOps$Box
Event: 14.270 loading class java/util/stream/ReduceOps$Box done
Event: 14.270 loading class java/util/stream/ReduceOps$3ReducingSink done
Event: 14.271 loading class com/google/common/base/Throwables
Event: 14.271 loading class com/google/common/base/Throwables done
Event: 14.274 Executing VM operation: CollectForMetadataAllocation


Dynamic libraries:
0x00007ff7748a0000 - 0x00007ff7748d7000 	C:\Users\shree\OneDrive - DnT Infotech LLP\Desktop\Katalon_Studio_Windows_64-7.7.2\Katalon_Studio_Windows_64-7.7.2\jre\bin\javaw.exe
0x00007fff56a10000 - 0x00007fff56c05000 	C:\Windows\SYSTEM32\ntdll.dll
0x00007fff54b00000 - 0x00007fff54bbd000 	C:\Windows\System32\KERNEL32.DLL
0x00007fff54440000 - 0x00007fff5470d000 	C:\Windows\System32\KERNELBASE.dll
0x00007fff561c0000 - 0x00007fff5626e000 	C:\Windows\System32\ADVAPI32.dll
0x00007fff56930000 - 0x00007fff569ce000 	C:\Windows\System32\msvcrt.dll
0x00007fff56890000 - 0x00007fff5692c000 	C:\Windows\System32\sechost.dll
0x00007fff56420000 - 0x00007fff56545000 	C:\Windows\System32\RPCRT4.dll
0x00007fff555e0000 - 0x00007fff55780000 	C:\Windows\System32\USER32.dll
0x00007fff54120000 - 0x00007fff54142000 	C:\Windows\System32\win32u.dll
0x00007fff55580000 - 0x00007fff555aa000 	C:\Windows\System32\GDI32.dll
0x00007fff548a0000 - 0x00007fff549ab000 	C:\Windows\System32\gdi32full.dll
0x00007fff54320000 - 0x00007fff543bd000 	C:\Windows\System32\msvcp_win.dll
0x00007fff54710000 - 0x00007fff54810000 	C:\Windows\System32\ucrtbase.dll
0x00007fff34f10000 - 0x00007fff351aa000 	C:\Windows\WinSxS\amd64_microsoft.windows.common-controls_6595b64144ccf1df_6.0.19041.1110_none_60b5254171f9507e\COMCTL32.dll
0x00007fff555b0000 - 0x00007fff555e0000 	C:\Windows\System32\IMM32.DLL
0x000000005f920000 - 0x000000005f9f2000 	C:\Users\shree\OneDrive - DnT Infotech LLP\Desktop\Katalon_Studio_Windows_64-7.7.2\Katalon_Studio_Windows_64-7.7.2\jre\bin\msvcr100.dll
0x000000005fa00000 - 0x00000000602a2000 	C:\Users\shree\OneDrive - DnT Infotech LLP\Desktop\Katalon_Studio_Windows_64-7.7.2\Katalon_Studio_Windows_64-7.7.2\jre\bin\server\jvm.dll
0x00007fff55570000 - 0x00007fff55578000 	C:\Windows\System32\PSAPI.DLL
0x00007fff4e3c0000 - 0x00007fff4e3c9000 	C:\Windows\SYSTEM32\WSOCK32.dll
0x00007fff56820000 - 0x00007fff5688b000 	C:\Windows\System32\WS2_32.dll
0x00007fff379d0000 - 0x00007fff379f7000 	C:\Windows\SYSTEM32\WINMM.dll
0x00007fff4dee0000 - 0x00007fff4deea000 	C:\Windows\SYSTEM32\VERSION.dll
0x000000005f910000 - 0x000000005f91f000 	C:\Users\shree\OneDrive - DnT Infotech LLP\Desktop\Katalon_Studio_Windows_64-7.7.2\Katalon_Studio_Windows_64-7.7.2\jre\bin\verify.dll
0x000000005f8e0000 - 0x000000005f909000 	C:\Users\shree\OneDrive - DnT Infotech LLP\Desktop\Katalon_Studio_Windows_64-7.7.2\Katalon_Studio_Windows_64-7.7.2\jre\bin\java.dll
0x000000005f8c0000 - 0x000000005f8d6000 	C:\Users\shree\OneDrive - DnT Infotech LLP\Desktop\Katalon_Studio_Windows_64-7.7.2\Katalon_Studio_Windows_64-7.7.2\jre\bin\zip.dll
0x00007fff55830000 - 0x00007fff55f74000 	C:\Windows\System32\SHELL32.dll
0x00007fff52220000 - 0x00007fff529b4000 	C:\Windows\SYSTEM32\windows.storage.dll
0x00007fff54bc0000 - 0x00007fff54f14000 	C:\Windows\System32\combase.dll
0x00007fff53ab0000 - 0x00007fff53adc000 	C:\Windows\SYSTEM32\Wldp.dll
0x00007fff54f20000 - 0x00007fff54fcd000 	C:\Windows\System32\SHCORE.dll
0x00007fff567c0000 - 0x00007fff56815000 	C:\Windows\System32\shlwapi.dll
0x00007fff54060000 - 0x00007fff5407f000 	C:\Windows\SYSTEM32\profapi.dll
0x000000005f8a0000 - 0x000000005f8ba000 	C:\Users\shree\OneDrive - DnT Infotech LLP\Desktop\Katalon_Studio_Windows_64-7.7.2\Katalon_Studio_Windows_64-7.7.2\jre\bin\net.dll
0x00007fff53810000 - 0x00007fff5387a000 	C:\Windows\system32\mswsock.dll
0x000000005f880000 - 0x000000005f891000 	C:\Users\shree\OneDrive - DnT Infotech LLP\Desktop\Katalon_Studio_Windows_64-7.7.2\Katalon_Studio_Windows_64-7.7.2\jre\bin\nio.dll

VM Arguments:
jvm_args: -Dgroovy.home=/C:/Users/shree/OneDrive - DnT Infotech LLP/Desktop/Katalon_Studio_Windows_64-7.7.2/Katalon_Studio_Windows_64-7.7.2/plugins/org.codehaus.groovy_2.4.7.xx-201611170128-e46/ -Xmx2048m -Dfile.encoding=UTF-8 
java_command: org.codehaus.groovy.tools.GroovyStarter --classpath D:\GitProject\ToastMasterWebApp\Include\scripts\groovy;D:\GitProject\ToastMasterWebApp\Keywords;D:\GitProject\ToastMasterWebApp\Libs;D:\GitProject\ToastMasterWebApp\Test Listeners;C:\Users\shree\OneDrive - DnT Infotech LLP\Desktop\Katalon_Studio_Windows_64-7.7.2\Katalon_Studio_Windows_64-7.7.2\configuration\org.eclipse.osgi\25\0\.cp\resources\basic-report\katalon-studio-report-plugin.jar;C:\Users\shree\OneDrive - DnT Infotech LLP\Desktop\Katalon_Studio_Windows_64-7.7.2\Katalon_Studio_Windows_64-7.7.2\configuration\plugin\install\210756\1.0.0\katalon-studio-datetime-plugin.jar;C:\Users\shree\OneDrive - DnT Infotech LLP\Desktop\Katalon_Studio_Windows_64-7.7.2\Katalon_Studio_Windows_64-7.7.2\configuration\plugin\install\210757\1.0.2\ExcelKeywords.jar;C:\Users\shree\OneDrive - DnT Infotech LLP\Desktop\Katalon_Studio_Windows_64-7.7.2\Katalon_Studio_Windows_64-7.7.2\configuration\resources\lib\aalto-xml-1.0.0.jar;C:\Users\shree\OneDrive - DnT Infotech LLP\Desktop\Katalon_Studio_Windows_64-7.7.2\Katalon_Studio_Windows_64-7.7.2\configuration\resources\lib\aspectjweaver-1.9.1.jar;C:\Users\shree\OneDrive - DnT Infotech LLP\Desktop\Katalon_Studio_Windows_64-7.7.2\Katalon_Studio_Windows_64-7.7.2\configuration\resources\lib\bcpkix-jdk15on-1.64.jar;C:\Users\shree\OneDrive - DnT Infotech LLP\Desktop\Katalon_Studio_Windows_64-7.7.2\Katalon_Studio_Windows_64-7.7.2\configuration\resources\lib\bcprov-jdk15on-1.64.jar;C:\Users\shree\OneDrive - DnT Infotech LLP\Desktop\Katalon_Studio_Windows_64-7.7.2\Katalon_Studio_Windows_64-7.7.2\configuration\resources\lib\browsermob-core-2.1.5.jar;C:\Users\shree\OneDrive - DnT Infotech LLP\Desktop\Katalon_Studio_Windows_64-7.7.2\Katalon_Studio_Windows_64-7.7.2\configuration\resources\lib\cglib-3.2.10.jar;C:\Users\shree\OneDrive - DnT Infotech LLP\Desktop\Katalon_Studio_Windows_64-7.7.2\Katalon_Studio_Windows_64-7.7.2\configuration\resources\lib\commons-codec-1.10.jar;C:\Users\shree\
java_class_path (initial): D:\GitProject\ToastMasterWebApp\bin\keyword;D:\GitProject\ToastMasterWebApp\bin\listener;D:\GitProject\ToastMasterWebApp\bin\lib;D:\GitProject\ToastMasterWebApp\bin\groovy;D:\GitProject\ToastMasterWebApp\bin;C:\Users\shree\OneDrive - DnT Infotech LLP\Desktop\Katalon_Studio_Windows_64-7.7.2\Katalon_Studio_Windows_64-7.7.2\plugins\com.kms.katalon.core_1.0.0.202010010516.jar;C:\Users\shree\OneDrive - DnT Infotech LLP\Desktop\Katalon_Studio_Windows_64-7.7.2\Katalon_Studio_Windows_64-7.7.2\configuration\resources\lib\aalto-xml-1.0.0.jar;C:\Users\shree\OneDrive - DnT Infotech LLP\Desktop\Katalon_Studio_Windows_64-7.7.2\Katalon_Studio_Windows_64-7.7.2\configuration\resources\lib\aspectjweaver-1.9.1.jar;C:\Users\shree\OneDrive - DnT Infotech LLP\Desktop\Katalon_Studio_Windows_64-7.7.2\Katalon_Studio_Windows_64-7.7.2\configuration\resources\lib\bcpkix-jdk15on-1.64.jar;C:\Users\shree\OneDrive - DnT Infotech LLP\Desktop\Katalon_Studio_Windows_64-7.7.2\Katalon_Studio_Windows_64-7.7.2\configuration\resources\lib\bcprov-jdk15on-1.64.jar;C:\Users\shree\OneDrive - DnT Infotech LLP\Desktop\Katalon_Studio_Windows_64-7.7.2\Katalon_Studio_Windows_64-7.7.2\configuration\resources\lib\browsermob-core-2.1.5.jar;C:\Users\shree\OneDrive - DnT Infotech LLP\Desktop\Katalon_Studio_Windows_64-7.7.2\Katalon_Studio_Windows_64-7.7.2\configuration\resources\lib\cglib-3.2.10.jar;C:\Users\shree\OneDrive - DnT Infotech LLP\Desktop\Katalon_Studio_Windows_64-7.7.2\Katalon_Studio_Windows_64-7.7.2\configuration\resources\lib\commons-codec-1.10.jar;C:\Users\shree\OneDrive - DnT Infotech LLP\Desktop\Katalon_Studio_Windows_64-7.7.2\Katalon_Studio_Windows_64-7.7.2\configuration\resources\lib\commons-collections4-4.1.jar;C:\Users\shree\OneDrive - DnT Infotech LLP\Desktop\Katalon_Studio_Windows_64-7.7.2\Katalon_Studio_Windows_64-7.7.2\configuration\resources\lib\commons-validator-1.6.jar;C:\Users\shree\OneDrive - DnT Infotech LLP\Desktop\Katalon_Studio_Windows_64-7.7.2\Katalon_Studi
Launcher Type: SUN_STANDARD

Environment Variables:
JAVA_HOME=C:\Program Files\Java\jdk1.8.0_202
PATH=C:/Users/shree/OneDrive - DnT Infotech LLP/Desktop/Katalon_Studio_Windows_64-7.7.2/Katalon_Studio_Windows_64-7.7.2/jre/bin/server;C:/Users/shree/OneDrive - DnT Infotech LLP/Desktop/Katalon_Studio_Windows_64-7.7.2/Katalon_Studio_Windows_64-7.7.2/jre/bin;C:/Users/shree/OneDrive - DnT Infotech LLP/Desktop/Katalon_Studio_Windows_64-7.7.2/Katalon_Studio_Windows_64-7.7.2/jre/lib/amd64;C:\Python310\Scripts\;C:\Python310\;C:\Program Files (x86)\Common Files\Oracle\Java\javapath;C:\Windows\system32;C:\Windows;C:\Windows\System32\Wbem;C:\Windows\System32\WindowsPowerShell\v1.0\;C:\Windows\System32\OpenSSH\;C:\Program Files\Java\jdk1.8.0_202;C:\ProgramData\chocolatey\bin;C:\Program Files (x86)\android-sdk\platform-tools;C:\Program Files (x86)\android-sdk\tools;C:\Program Files (x86)\android-sdk\tools\bin;C:\Users\shree\.katalon\tools\android_sdk\platform-tools;C:\Program Files\nodejs\;D:\Program Files\Nox\bin;C:\Program Files\apache-maven-3.8.3\bin;C:\Program Files\Git\cmd;C:\Users\shree\AppData\Local\Microsoft\WindowsApps;C:\Users\shree\AppData\Roaming\npm;C:\Users\shree\AppData\Local\Programs\Microsoft VS Code\bin;D:\Flutter\SDK\bin;;C:\Users\shree\OneDrive - DnT Infotech LLP\Desktop\Katalon_Studio_Windows_64-7.7.2\Katalon_Studio_Windows_64-7.7.2;
USERNAME=baps
OS=Windows_NT
PROCESSOR_IDENTIFIER=Intel64 Family 6 Model 142 Stepping 9, GenuineIntel



---------------  S Y S T E M  ---------------

OS: Windows 10.0 , 64 bit Build 19041 (10.0.19041.1706)

CPU:total 4 (initial active 4) (2 cores per cpu, 2 threads per core) family 6 model 142 stepping 9, cmov, cx8, fxsr, mmx, sse, sse2, sse3, ssse3, sse4.1, sse4.2, popcnt, avx, avx2, aes, clmul, erms, 3dnowpref, lzcnt, ht, tsc, tscinvbit, bmi1, bmi2, adx

Memory: 4k page, physical 8277208k(424204k free), swap 21382484k(0k free)

vm_info: Java HotSpot(TM) 64-Bit Server VM (25.181-b13) for windows-amd64 JRE (1.8.0_181-b13), built on Jul  7 2018 04:01:33 by "java_re" with MS VC++ 10.0 (VS2010)

time: Wed Jun 08 17:32:32 2022
elapsed time: 14 seconds (0d 0h 0m 14s)

